<?xml version="1.0" encoding="UTF-8" ?>
<testsuite failures="0" time="172.149" errors="0" skipped="0" tests="20" name="bmicalculator.test.RunCukesTest">
  <properties>
    <property name="java.runtime.name" value="Java(TM) SE Runtime Environment"/>
    <property name="sun.boot.library.path" value="/System/Library/Java/JavaVirtualMachines/1.6.0.jdk/Contents/Libraries"/>
    <property name="java.vm.version" value="20.45-b01-451"/>
    <property name="awt.nativeDoubleBuffering" value="true"/>
    <property name="gopherProxySet" value="false"/>
    <property name="mrj.build" value="11M4406"/>
    <property name="java.vm.vendor" value="Apple Inc."/>
    <property name="java.vendor.url" value="http://www.apple.com/"/>
    <property name="path.separator" value=":"/>
    <property name="java.vm.name" value="Java HotSpot(TM) 64-Bit Server VM"/>
    <property name="file.encoding.pkg" value="sun.io"/>
    <property name="user.country" value="US"/>
    <property name="sun.java.launcher" value="SUN_STANDARD"/>
    <property name="sun.os.patch.level" value="unknown"/>
    <property name="java.vm.specification.name" value="Java Virtual Machine Specification"/>
    <property name="user.dir" value="/Users/upgundecha/IdeaProjects/bmicalculator.test"/>
    <property name="java.runtime.version" value="1.6.0_45-b06-451-11M4406"/>
    <property name="java.awt.graphicsenv" value="apple.awt.CGraphicsEnvironment"/>
    <property name="basedir" value="/Users/upgundecha/IdeaProjects/bmicalculator.test"/>
    <property name="java.endorsed.dirs" value="/System/Library/Java/JavaVirtualMachines/1.6.0.jdk/Contents/Home/lib/endorsed"/>
    <property name="os.arch" value="x86_64"/>
    <property name="surefire.real.class.path" value="/Users/upgundecha/IdeaProjects/bmicalculator.test/target/surefire/surefirebooter2339956297748816222.jar"/>
    <property name="java.io.tmpdir" value="/var/folders/nj/trlqk9l1619ghg5zwgr__b_80000gn/T/"/>
    <property name="line.separator" value="
"/>
    <property name="java.vm.specification.vendor" value="Sun Microsystems Inc."/>
    <property name="os.name" value="Mac OS X"/>
    <property name="sun.jnu.encoding" value="MacRoman"/>
    <property name="java.library.path" value=".:/Library/Java/Extensions:/System/Library/Java/Extensions:/usr/lib/java"/>
    <property name="surefire.test.class.path" value="/Users/upgundecha/IdeaProjects/bmicalculator.test/target/test-classes:/Users/upgundecha/IdeaProjects/bmicalculator.test/target/classes:/Users/upgundecha/.m2/repository/junit/junit/4.11/junit-4.11.jar:/Users/upgundecha/.m2/repository/org/hamcrest/hamcrest-core/1.3/hamcrest-core-1.3.jar:/Users/upgundecha/.m2/repository/org/seleniumhq/selenium/selenium-java/2.33.0/selenium-java-2.33.0.jar:/Users/upgundecha/.m2/repository/org/seleniumhq/selenium/selenium-android-driver/2.33.0/selenium-android-driver-2.33.0.jar:/Users/upgundecha/.m2/repository/org/seleniumhq/selenium/selenium-remote-driver/2.33.0/selenium-remote-driver-2.33.0.jar:/Users/upgundecha/.m2/repository/cglib/cglib-nodep/2.1_3/cglib-nodep-2.1_3.jar:/Users/upgundecha/.m2/repository/org/json/json/20080701/json-20080701.jar:/Users/upgundecha/.m2/repository/com/google/guava/guava/14.0/guava-14.0.jar:/Users/upgundecha/.m2/repository/org/seleniumhq/selenium/selenium-chrome-driver/2.33.0/selenium-chrome-driver-2.33.0.jar:/Users/upgundecha/.m2/repository/org/seleniumhq/selenium/selenium-htmlunit-driver/2.33.0/selenium-htmlunit-driver-2.33.0.jar:/Users/upgundecha/.m2/repository/net/sourceforge/htmlunit/htmlunit/2.12/htmlunit-2.12.jar:/Users/upgundecha/.m2/repository/xalan/xalan/2.7.1/xalan-2.7.1.jar:/Users/upgundecha/.m2/repository/xalan/serializer/2.7.1/serializer-2.7.1.jar:/Users/upgundecha/.m2/repository/commons-collections/commons-collections/3.2.1/commons-collections-3.2.1.jar:/Users/upgundecha/.m2/repository/org/apache/commons/commons-lang3/3.1/commons-lang3-3.1.jar:/Users/upgundecha/.m2/repository/org/apache/httpcomponents/httpmime/4.2.3/httpmime-4.2.3.jar:/Users/upgundecha/.m2/repository/commons-codec/commons-codec/1.7/commons-codec-1.7.jar:/Users/upgundecha/.m2/repository/net/sourceforge/htmlunit/htmlunit-core-js/2.12/htmlunit-core-js-2.12.jar:/Users/upgundecha/.m2/repository/xerces/xercesImpl/2.10.0/xercesImpl-2.10.0.jar:/Users/upgundecha/.m2/repository/xml-apis/xml-apis/1.4.01/xml-apis-1.4.01.jar:/Users/upgundecha/.m2/repository/net/sourceforge/nekohtml/nekohtml/1.9.18/nekohtml-1.9.18.jar:/Users/upgundecha/.m2/repository/net/sourceforge/cssparser/cssparser/0.9.9/cssparser-0.9.9.jar:/Users/upgundecha/.m2/repository/org/w3c/css/sac/1.3/sac-1.3.jar:/Users/upgundecha/.m2/repository/commons-logging/commons-logging/1.1.1/commons-logging-1.1.1.jar:/Users/upgundecha/.m2/repository/org/eclipse/jetty/jetty-websocket/8.1.9.v20130131/jetty-websocket-8.1.9.v20130131.jar:/Users/upgundecha/.m2/repository/org/eclipse/jetty/jetty-util/8.1.9.v20130131/jetty-util-8.1.9.v20130131.jar:/Users/upgundecha/.m2/repository/org/eclipse/jetty/jetty-io/8.1.9.v20130131/jetty-io-8.1.9.v20130131.jar:/Users/upgundecha/.m2/repository/org/eclipse/jetty/jetty-http/8.1.9.v20130131/jetty-http-8.1.9.v20130131.jar:/Users/upgundecha/.m2/repository/org/apache/httpcomponents/httpclient/4.2.1/httpclient-4.2.1.jar:/Users/upgundecha/.m2/repository/org/apache/httpcomponents/httpcore/4.2.1/httpcore-4.2.1.jar:/Users/upgundecha/.m2/repository/org/seleniumhq/selenium/selenium-firefox-driver/2.33.0/selenium-firefox-driver-2.33.0.jar:/Users/upgundecha/.m2/repository/commons-io/commons-io/2.2/commons-io-2.2.jar:/Users/upgundecha/.m2/repository/org/apache/commons/commons-exec/1.1/commons-exec-1.1.jar:/Users/upgundecha/.m2/repository/org/seleniumhq/selenium/selenium-ie-driver/2.33.0/selenium-ie-driver-2.33.0.jar:/Users/upgundecha/.m2/repository/net/java/dev/jna/jna/3.4.0/jna-3.4.0.jar:/Users/upgundecha/.m2/repository/net/java/dev/jna/platform/3.4.0/platform-3.4.0.jar:/Users/upgundecha/.m2/repository/org/seleniumhq/selenium/selenium-iphone-driver/2.33.0/selenium-iphone-driver-2.33.0.jar:/Users/upgundecha/.m2/repository/org/seleniumhq/selenium/selenium-safari-driver/2.33.0/selenium-safari-driver-2.33.0.jar:/Users/upgundecha/.m2/repository/org/seleniumhq/selenium/selenium-support/2.33.0/selenium-support-2.33.0.jar:/Users/upgundecha/.m2/repository/org/seleniumhq/selenium/selenium-api/2.33.0/selenium-api-2.33.0.jar:/Users/upgundecha/.m2/repository/org/webbitserver/webbit/0.4.14/webbit-0.4.14.jar:/Users/upgundecha/.m2/repository/io/netty/netty/3.5.2.Final/netty-3.5.2.Final.jar:/Users/upgundecha/.m2/repository/info/cukes/cucumber-java/1.0.14/cucumber-java-1.0.14.jar:/Users/upgundecha/.m2/repository/info/cukes/cucumber-core/1.0.14/cucumber-core-1.0.14.jar:/Users/upgundecha/.m2/repository/info/cukes/cucumber-junit/1.0.14/cucumber-junit-1.0.14.jar:"/>
    <property name="java.specification.name" value="Java Platform API Specification"/>
    <property name="java.class.version" value="50.0"/>
    <property name="sun.management.compiler" value="HotSpot 64-Bit Tiered Compilers"/>
    <property name="os.version" value="10.8.3"/>
    <property name="http.nonProxyHosts" value="local|*.local|169.254/16|*.169.254/16"/>
    <property name="user.home" value="/Users/upgundecha"/>
    <property name="user.timezone" value="GMT+05:30"/>
    <property name="java.awt.printerjob" value="apple.awt.CPrinterJob"/>
    <property name="java.specification.version" value="1.6"/>
    <property name="file.encoding" value="MacRoman"/>
    <property name="user.name" value="upgundecha"/>
    <property name="java.class.path" value="/Users/upgundecha/IdeaProjects/bmicalculator.test/target/test-classes:/Users/upgundecha/IdeaProjects/bmicalculator.test/target/classes:/Users/upgundecha/.m2/repository/junit/junit/4.11/junit-4.11.jar:/Users/upgundecha/.m2/repository/org/hamcrest/hamcrest-core/1.3/hamcrest-core-1.3.jar:/Users/upgundecha/.m2/repository/org/seleniumhq/selenium/selenium-java/2.33.0/selenium-java-2.33.0.jar:/Users/upgundecha/.m2/repository/org/seleniumhq/selenium/selenium-android-driver/2.33.0/selenium-android-driver-2.33.0.jar:/Users/upgundecha/.m2/repository/org/seleniumhq/selenium/selenium-remote-driver/2.33.0/selenium-remote-driver-2.33.0.jar:/Users/upgundecha/.m2/repository/cglib/cglib-nodep/2.1_3/cglib-nodep-2.1_3.jar:/Users/upgundecha/.m2/repository/org/json/json/20080701/json-20080701.jar:/Users/upgundecha/.m2/repository/com/google/guava/guava/14.0/guava-14.0.jar:/Users/upgundecha/.m2/repository/org/seleniumhq/selenium/selenium-chrome-driver/2.33.0/selenium-chrome-driver-2.33.0.jar:/Users/upgundecha/.m2/repository/org/seleniumhq/selenium/selenium-htmlunit-driver/2.33.0/selenium-htmlunit-driver-2.33.0.jar:/Users/upgundecha/.m2/repository/net/sourceforge/htmlunit/htmlunit/2.12/htmlunit-2.12.jar:/Users/upgundecha/.m2/repository/xalan/xalan/2.7.1/xalan-2.7.1.jar:/Users/upgundecha/.m2/repository/xalan/serializer/2.7.1/serializer-2.7.1.jar:/Users/upgundecha/.m2/repository/commons-collections/commons-collections/3.2.1/commons-collections-3.2.1.jar:/Users/upgundecha/.m2/repository/org/apache/commons/commons-lang3/3.1/commons-lang3-3.1.jar:/Users/upgundecha/.m2/repository/org/apache/httpcomponents/httpmime/4.2.3/httpmime-4.2.3.jar:/Users/upgundecha/.m2/repository/commons-codec/commons-codec/1.7/commons-codec-1.7.jar:/Users/upgundecha/.m2/repository/net/sourceforge/htmlunit/htmlunit-core-js/2.12/htmlunit-core-js-2.12.jar:/Users/upgundecha/.m2/repository/xerces/xercesImpl/2.10.0/xercesImpl-2.10.0.jar:/Users/upgundecha/.m2/repository/xml-apis/xml-apis/1.4.01/xml-apis-1.4.01.jar:/Users/upgundecha/.m2/repository/net/sourceforge/nekohtml/nekohtml/1.9.18/nekohtml-1.9.18.jar:/Users/upgundecha/.m2/repository/net/sourceforge/cssparser/cssparser/0.9.9/cssparser-0.9.9.jar:/Users/upgundecha/.m2/repository/org/w3c/css/sac/1.3/sac-1.3.jar:/Users/upgundecha/.m2/repository/commons-logging/commons-logging/1.1.1/commons-logging-1.1.1.jar:/Users/upgundecha/.m2/repository/org/eclipse/jetty/jetty-websocket/8.1.9.v20130131/jetty-websocket-8.1.9.v20130131.jar:/Users/upgundecha/.m2/repository/org/eclipse/jetty/jetty-util/8.1.9.v20130131/jetty-util-8.1.9.v20130131.jar:/Users/upgundecha/.m2/repository/org/eclipse/jetty/jetty-io/8.1.9.v20130131/jetty-io-8.1.9.v20130131.jar:/Users/upgundecha/.m2/repository/org/eclipse/jetty/jetty-http/8.1.9.v20130131/jetty-http-8.1.9.v20130131.jar:/Users/upgundecha/.m2/repository/org/apache/httpcomponents/httpclient/4.2.1/httpclient-4.2.1.jar:/Users/upgundecha/.m2/repository/org/apache/httpcomponents/httpcore/4.2.1/httpcore-4.2.1.jar:/Users/upgundecha/.m2/repository/org/seleniumhq/selenium/selenium-firefox-driver/2.33.0/selenium-firefox-driver-2.33.0.jar:/Users/upgundecha/.m2/repository/commons-io/commons-io/2.2/commons-io-2.2.jar:/Users/upgundecha/.m2/repository/org/apache/commons/commons-exec/1.1/commons-exec-1.1.jar:/Users/upgundecha/.m2/repository/org/seleniumhq/selenium/selenium-ie-driver/2.33.0/selenium-ie-driver-2.33.0.jar:/Users/upgundecha/.m2/repository/net/java/dev/jna/jna/3.4.0/jna-3.4.0.jar:/Users/upgundecha/.m2/repository/net/java/dev/jna/platform/3.4.0/platform-3.4.0.jar:/Users/upgundecha/.m2/repository/org/seleniumhq/selenium/selenium-iphone-driver/2.33.0/selenium-iphone-driver-2.33.0.jar:/Users/upgundecha/.m2/repository/org/seleniumhq/selenium/selenium-safari-driver/2.33.0/selenium-safari-driver-2.33.0.jar:/Users/upgundecha/.m2/repository/org/seleniumhq/selenium/selenium-support/2.33.0/selenium-support-2.33.0.jar:/Users/upgundecha/.m2/repository/org/seleniumhq/selenium/selenium-api/2.33.0/selenium-api-2.33.0.jar:/Users/upgundecha/.m2/repository/org/webbitserver/webbit/0.4.14/webbit-0.4.14.jar:/Users/upgundecha/.m2/repository/io/netty/netty/3.5.2.Final/netty-3.5.2.Final.jar:/Users/upgundecha/.m2/repository/info/cukes/cucumber-java/1.0.14/cucumber-java-1.0.14.jar:/Users/upgundecha/.m2/repository/info/cukes/cucumber-core/1.0.14/cucumber-core-1.0.14.jar:/Users/upgundecha/.m2/repository/info/cukes/cucumber-junit/1.0.14/cucumber-junit-1.0.14.jar:"/>
    <property name="java.vm.specification.version" value="1.0"/>
    <property name="sun.arch.data.model" value="64"/>
    <property name="java.home" value="/System/Library/Java/JavaVirtualMachines/1.6.0.jdk/Contents/Home"/>
    <property name="sun.java.command" value="/Users/upgundecha/IdeaProjects/bmicalculator.test/target/surefire/surefirebooter2339956297748816222.jar /Users/upgundecha/IdeaProjects/bmicalculator.test/target/surefire/surefire7523714010751894584tmp /Users/upgundecha/IdeaProjects/bmicalculator.test/target/surefire/surefire1851521518676032751tmp"/>
    <property name="java.specification.vendor" value="Sun Microsystems Inc."/>
    <property name="user.language" value="en"/>
    <property name="awt.toolkit" value="apple.awt.CToolkit"/>
    <property name="java.vm.info" value="mixed mode"/>
    <property name="java.version" value="1.6.0_45"/>
    <property name="java.ext.dirs" value="/Library/Java/Extensions:/System/Library/Java/Extensions:/System/Library/Java/JavaVirtualMachines/1.6.0.jdk/Contents/Home/lib/ext"/>
    <property name="sun.boot.class.path" value="/System/Library/Java/JavaVirtualMachines/1.6.0.jdk/Contents/Classes/jsfd.jar:/System/Library/Java/JavaVirtualMachines/1.6.0.jdk/Contents/Classes/classes.jar:/System/Library/Frameworks/JavaVM.framework/Frameworks/JavaRuntimeSupport.framework/Resources/Java/JavaRuntimeSupport.jar:/System/Library/Java/JavaVirtualMachines/1.6.0.jdk/Contents/Classes/ui.jar:/System/Library/Java/JavaVirtualMachines/1.6.0.jdk/Contents/Classes/laf.jar:/System/Library/Java/JavaVirtualMachines/1.6.0.jdk/Contents/Classes/sunrsasign.jar:/System/Library/Java/JavaVirtualMachines/1.6.0.jdk/Contents/Classes/jsse.jar:/System/Library/Java/JavaVirtualMachines/1.6.0.jdk/Contents/Classes/jce.jar:/System/Library/Java/JavaVirtualMachines/1.6.0.jdk/Contents/Classes/charsets.jar"/>
    <property name="java.vendor" value="Apple Inc."/>
    <property name="localRepository" value="/Users/upgundecha/.m2/repository"/>
    <property name="file.separator" value="/"/>
    <property name="java.vendor.url.bug" value="http://bugreport.apple.com/"/>
    <property name="sun.cpu.endian" value="little"/>
    <property name="sun.io.unicode.encoding" value="UnicodeLittle"/>
    <property name="mrj.version" value="1070.1.6.0_45-451"/>
    <property name="socksNonProxyHosts" value="local|*.local|169.254/16|*.169.254/16"/>
    <property name="ftp.nonProxyHosts" value="local|*.local|169.254/16|*.169.254/16"/>
    <property name="sun.cpu.isalist" value=""/>
  </properties>
  <testcase time="0.001" classname="Given I enter &quot;170&quot; as height     " name="Given I enter &quot;170&quot; as height     "/>
  <testcase time="0" classname="And I enter &quot;50&quot; as weight      " name="And I enter &quot;50&quot; as weight      "/>
  <testcase time="0" classname="And I press the Calculate button       " name="And I press the Calculate button       "/>
  <testcase time="0" classname="Then I should see &quot;17.30&quot; as bmi and &quot;Underweight&quot; as category        " name="Then I should see &quot;17.30&quot; as bmi and &quot;Underweight&quot; as category        "/>
  <testcase time="0.582" classname="| 170 | 50 | 17.30 | Underweight |    " name="| 170 | 50 | 17.30 | Underweight |    "/>
  <testcase time="0" classname="Given I enter &quot;181&quot; as height          " name="Given I enter &quot;181&quot; as height          "/>
  <testcase time="0" classname="And I enter &quot;80&quot; as weight           " name="And I enter &quot;80&quot; as weight           "/>
  <testcase time="0" classname="And I press the Calculate button            " name="And I press the Calculate button            "/>
  <testcase time="0" classname="Then I should see &quot;24.42&quot; as bmi and &quot;Normal&quot; as category             " name="Then I should see &quot;24.42&quot; as bmi and &quot;Normal&quot; as category             "/>
  <testcase time="0.467" classname="| 181 | 80 | 24.42 | Normal |         " name="| 181 | 80 | 24.42 | Normal |         "/>
  <testcase time="0" classname="Given I enter &quot;180&quot; as height               " name="Given I enter &quot;180&quot; as height               "/>
  <testcase time="0" classname="And I enter &quot;90&quot; as weight                " name="And I enter &quot;90&quot; as weight                "/>
  <testcase time="0" classname="And I press the Calculate button                 " name="And I press the Calculate button                 "/>
  <testcase time="0" classname="Then I should see &quot;27.78&quot; as bmi and &quot;Overweight&quot; as category                  " name="Then I should see &quot;27.78&quot; as bmi and &quot;Overweight&quot; as category                  "/>
  <testcase time="0.819" classname="| 180 | 90 | 27.78 | Overweight |              " name="| 180 | 90 | 27.78 | Overweight |              "/>
  <testcase time="0" classname="Given I enter &quot;175&quot; as height                    " name="Given I enter &quot;175&quot; as height                    "/>
  <testcase time="0" classname="And I enter &quot;100&quot; as weight                     " name="And I enter &quot;100&quot; as weight                     "/>
  <testcase time="0" classname="And I press the Calculate button                      " name="And I press the Calculate button                      "/>
  <testcase time="0" classname="Then I should see &quot;32.65&quot; as bmi and &quot;Obese&quot; as category                       " name="Then I should see &quot;32.65&quot; as bmi and &quot;Obese&quot; as category                       "/>
  <testcase time="0.776" classname="| 175 | 100 | 32.65 | Obese |                   " name="| 175 | 100 | 32.65 | Obese |                   "/>
</testsuite>